{"C:\\Users\\sergi\\OneDrive\\Escritorio\\ISDI\\CURSO\\CHALLENGES\\week 4\\w4ch2\\src\\components\\header\\Header.tsx": {"path":"C:\\Users\\sergi\\OneDrive\\Escritorio\\ISDI\\CURSO\\CHALLENGES\\week 4\\w4ch2\\src\\components\\header\\Header.tsx","statementMap":{"0":{"start":{"line":6,"column":2},"end":{"line":12,"column":4}},"1":{"start":{"line":5,"column":0},"end":{"line":5,"column":16}}},"fnMap":{"0":{"name":"Header","decl":{"start":{"line":5,"column":16},"end":{"line":5,"column":22}},"loc":{"start":{"line":5,"column":39},"end":{"line":13,"column":1}}}},"branchMap":{},"s":{"0":1,"1":1},"f":{"0":1},"b":{}}
}
